<?xml version="1.0" encoding="UTF-8"?>
<testng-results skipped="0" failed="0" ignored="0" total="2" passed="2">
  <reporter-output>
  </reporter-output>
  <suite name="Default suite" duration-ms="10758" started-at="2022-04-03T16:09:34Z" finished-at="2022-04-03T16:09:44Z">
    <groups>
    </groups>
    <test name="Default test" duration-ms="10758" started-at="2022-04-03T16:09:34Z" finished-at="2022-04-03T16:09:44Z">
      <class name="test.LoginPageTest">
        <test-method status="PASS" signature="setUp()[pri:0, instance:test.LoginPageTest@2ed0fbae]" name="setUp" is-config="true" duration-ms="3148" started-at="2022-04-03T16:09:34Z" finished-at="2022-04-03T16:09:37Z">
          <reporter-output>
          </reporter-output>
        </test-method> <!-- setUp -->
        <test-method status="PASS" signature="loginTest()[pri:0, instance:test.LoginPageTest@2ed0fbae]" name="loginTest" duration-ms="1994" started-at="2022-04-03T16:09:37Z" finished-at="2022-04-03T16:09:39Z">
          <reporter-output>
          </reporter-output>
        </test-method> <!-- loginTest -->
        <test-method status="PASS" signature="tearDown()[pri:0, instance:test.LoginPageTest@2ed0fbae]" name="tearDown" is-config="true" duration-ms="679" started-at="2022-04-03T16:09:39Z" finished-at="2022-04-03T16:09:40Z">
          <reporter-output>
          </reporter-output>
        </test-method> <!-- tearDown -->
        <test-method status="PASS" signature="setUp()[pri:0, instance:test.LoginPageTest@2ed0fbae]" name="setUp" is-config="true" duration-ms="2309" started-at="2022-04-03T16:09:40Z" finished-at="2022-04-03T16:09:42Z">
          <reporter-output>
          </reporter-output>
        </test-method> <!-- setUp -->
        <test-method status="PASS" signature="pageTitleTest()[pri:0, instance:test.LoginPageTest@2ed0fbae]" name="pageTitleTest" duration-ms="1967" started-at="2022-04-03T16:09:42Z" finished-at="2022-04-03T16:09:44Z">
          <reporter-output>
          </reporter-output>
        </test-method> <!-- pageTitleTest -->
        <test-method status="PASS" signature="tearDown()[pri:0, instance:test.LoginPageTest@2ed0fbae]" name="tearDown" is-config="true" duration-ms="632" started-at="2022-04-03T16:09:44Z" finished-at="2022-04-03T16:09:44Z">
          <reporter-output>
          </reporter-output>
        </test-method> <!-- tearDown -->
      </class> <!-- test.LoginPageTest -->
    </test> <!-- Default test -->
  </suite> <!-- Default suite -->
</testng-results>
